2026-04-27T18:27:15.871Z [INFO] [Email] Creating SMTP transporter | Data: {"host":"mail.nurufoundations.com","port":465,"user":"admin@nurufoundations.com"}
2026-04-27T18:27:21.619Z [ERROR] [Email] SMTP connection verification failed | Error: Invalid login: 535 Incorrect authentication data (Code: EAUTH)
2026-04-27T18:28:27.297Z [INFO] [Email] Creating SMTP transporter | Data: {"host":"mail.nurufoundations.com","port":465,"user":"admin@nurufoundations.com"}
2026-04-27T18:28:29.847Z [ERROR] [Email] SMTP connection verification failed | Error: Invalid login: 535 Incorrect authentication data (Code: EAUTH)
2026-04-27T18:28:29.848Z [ERROR] [Email] Please check: 1) Email account exists in cPanel, 2) Password is correct, 3) Host is correct (try mail.yourdomain.com)
2026-04-27T18:59:01.703Z [INFO] [Email] Creating SMTP transporter | Data: {"host":"nurufoundations.com","port":465,"user":"admin@nurufoundations.com"}
2026-04-27T18:59:03.451Z [INFO] [Email] SMTP server is ready to send messages
2026-04-27T18:59:19.024Z [INFO] [Email] Creating SMTP transporter | Data: {"host":"nurufoundations.com","port":465,"user":"admin@nurufoundations.com"}
2026-04-27T18:59:19.042Z [INFO] [Email] Attempting to send welcome email to: hycodingian@gmail.com
2026-04-27T18:59:20.238Z [INFO] [Email] SMTP server is ready to send messages
2026-04-27T18:59:22.315Z [INFO] [Email] Email sent successfully | Data: {"messageId":"<0cffe213-0952-3c41-7f5a-073b2dddda92@nurufoundations.com>","response":"250 OK id=1wHRAx-0000000Glym-3cN5","recipient":"hycodingian@gmail.com"}
2026-04-27T18:59:45.576Z [INFO] [Email] Creating SMTP transporter | Data: {"host":"nurufoundations.com","port":465,"user":"admin@nurufoundations.com"}
2026-04-27T18:59:49.740Z [INFO] [Email] SMTP server is ready to send messages
2026-04-27T19:01:11.454Z [INFO] [Email] Creating SMTP transporter | Data: {"host":"nurufoundations.com","port":465,"user":"admin@nurufoundations.com"}
2026-04-27T19:01:11.468Z [INFO] [Email] Attempting to send welcome email to: hycodingian@gmail.com
2026-04-27T19:01:12.552Z [INFO] [Email] SMTP server is ready to send messages
2026-04-27T19:01:14.749Z [INFO] [Email] Email sent successfully | Data: {"messageId":"<d0720267-d8d4-a6e3-0e3f-db574d7bb33d@nurufoundations.com>","response":"250 OK id=1wHRCm-0000000GorL-0bXg","recipient":"hycodingian@gmail.com"}
2026-04-27T21:45:33.744Z [INFO] [Email] Creating SMTP transporter | Data: {"host":"nurufoundations.com","port":465,"user":"admin@nurufoundations.com"}
2026-04-27T21:45:35.689Z [INFO] [Email] SMTP server is ready to send messages
2026-04-27T21:47:05.007Z [INFO] [Email] Creating SMTP transporter | Data: {"host":"nurufoundations.com","port":465,"user":"admin@nurufoundations.com"}
2026-04-27T21:47:06.367Z [INFO] [Email] SMTP server is ready to send messages
2026-04-27T21:59:51.238Z [INFO] [Email] Creating SMTP transporter | Data: {"host":"nurufoundations.com","port":465,"user":"admin@nurufoundations.com"}
2026-04-27T21:59:54.600Z [INFO] [Email] SMTP server is ready to send messages
2026-04-27T23:30:43.878Z [INFO] [Email] Creating SMTP transporter | Data: {"host":"nurufoundations.com","port":465,"user":"admin@nurufoundations.com"}
2026-04-27T23:30:46.774Z [INFO] [Email] SMTP server is ready to send messages
2026-04-27T23:56:32.615Z [INFO] [Email] Creating SMTP transporter | Data: {"host":"nurufoundations.com","port":465,"user":"admin@nurufoundations.com"}
2026-04-27T23:56:33.988Z [INFO] [Email] SMTP server is ready to send messages
2026-04-27T23:57:02.431Z [INFO] [Email] Creating SMTP transporter | Data: {"host":"nurufoundations.com","port":465,"user":"admin@nurufoundations.com"}
2026-04-27T23:57:03.764Z [INFO] [Email] SMTP server is ready to send messages
2026-04-27T23:58:52.990Z [INFO] [Email] Creating SMTP transporter | Data: {"host":"nurufoundations.com","port":465,"user":"admin@nurufoundations.com"}
2026-04-27T23:58:54.250Z [INFO] [Email] SMTP server is ready to send messages
2026-04-28T00:23:17.853Z [INFO] [Email] Creating SMTP transporter | Data: {"host":"nurufoundations.com","port":465,"user":"admin@nurufoundations.com"}
2026-04-28T00:23:19.080Z [INFO] [Email] SMTP server is ready to send messages
2026-04-28T00:26:24.490Z [INFO] [Email] Creating SMTP transporter | Data: {"host":"nurufoundations.com","port":465,"user":"admin@nurufoundations.com"}
2026-04-28T00:26:25.671Z [INFO] [Email] SMTP server is ready to send messages
2026-04-28T00:28:41.121Z [INFO] [Email] Creating SMTP transporter | Data: {"host":"nurufoundations.com","port":465,"user":"admin@nurufoundations.com"}
2026-04-28T00:28:42.384Z [INFO] [Email] SMTP server is ready to send messages
2026-04-28T00:32:29.147Z [INFO] [Email] Creating SMTP transporter | Data: {"host":"nurufoundations.com","port":465,"user":"admin@nurufoundations.com"}
2026-04-28T00:32:31.004Z [INFO] [Email] SMTP server is ready to send messages
2026-04-28T10:54:25.305Z [INFO] [Email] Creating SMTP transporter | Data: {"host":"nurufoundations.com","port":465,"user":"admin@nurufoundations.com"}
2026-04-28T10:54:28.013Z [INFO] [Email] SMTP server is ready to send messages
2026-04-28T10:55:34.350Z [INFO] [Email] Creating SMTP transporter | Data: {"host":"nurufoundations.com","port":465,"user":"admin@nurufoundations.com"}
2026-04-28T10:55:35.893Z [INFO] [Email] SMTP server is ready to send messages
2026-04-28T10:59:17.496Z [INFO] [Email] Creating SMTP transporter | Data: {"host":"nurufoundations.com","port":465,"user":"admin@nurufoundations.com"}
2026-04-28T10:59:19.136Z [INFO] [Email] SMTP server is ready to send messages
2026-07-01T08:16:18.768Z [WARN] [Email] EMAIL_USER or EMAIL_PASS not set - email disabled
2026-07-01T11:45:04.909Z [WARN] [Email] EMAIL_USER or EMAIL_PASS not set - email disabled
2026-07-01T12:04:10.893Z [WARN] [Email] EMAIL_USER or EMAIL_PASS not set - email disabled
2026-07-01T12:27:14.879Z [WARN] [Email] EMAIL_USER or EMAIL_PASS not set - email disabled
2026-07-01T14:50:43.016Z [WARN] [Email] EMAIL_USER or EMAIL_PASS not set - email disabled
2026-07-01T15:15:30.625Z [WARN] [Email] EMAIL_USER or EMAIL_PASS not set - email disabled
2026-07-01T16:20:27.609Z [WARN] [Email] EMAIL_USER or EMAIL_PASS not set - email disabled
2026-07-01T16:24:06.557Z [WARN] [Email] EMAIL_USER or EMAIL_PASS not set - email disabled
2026-07-01T16:24:33.160Z [WARN] [Email] EMAIL_USER or EMAIL_PASS not set - email disabled
2026-07-01T16:30:55.353Z [WARN] [Email] EMAIL_USER or EMAIL_PASS not set - email disabled
2026-07-01T23:35:50.090Z [WARN] [Email] EMAIL_USER or EMAIL_PASS not set - email disabled
2026-07-01T23:51:55.080Z [WARN] [Email] EMAIL_USER or EMAIL_PASS not set - email disabled
2026-07-02T00:14:04.210Z [WARN] [Email] EMAIL_USER or EMAIL_PASS not set - email disabled
2026-07-02T09:07:03.283Z [WARN] [Email] EMAIL_USER or EMAIL_PASS not set - email disabled
2026-07-02T09:17:32.934Z [WARN] [Email] EMAIL_USER or EMAIL_PASS not set - email disabled
2026-07-02T15:20:40.739Z [WARN] [Email] EMAIL_USER or EMAIL_PASS not set - email disabled
2026-07-02T15:20:44.300Z [WARN] [Email] EMAIL_USER or EMAIL_PASS not set - email disabled
2026-07-02T15:38:21.116Z [WARN] [Email] EMAIL_USER or EMAIL_PASS not set - email disabled
2026-07-02T15:50:26.107Z [WARN] [Email] EMAIL_USER or EMAIL_PASS not set - email disabled
2026-07-02T15:51:46.845Z [WARN] [Email] EMAIL_USER or EMAIL_PASS not set - email disabled
2026-07-02T15:55:31.293Z [WARN] [Email] EMAIL_USER or EMAIL_PASS not set - email disabled
2026-07-02T15:56:16.399Z [WARN] [Email] EMAIL_USER or EMAIL_PASS not set - email disabled
2026-07-02T18:15:50.375Z [WARN] [Email] EMAIL_USER or EMAIL_PASS not set - email disabled
2026-07-03T10:17:41.708Z [WARN] [Email] EMAIL_USER or EMAIL_PASS not set - email disabled
2026-07-03T10:39:33.961Z [WARN] [Email] EMAIL_USER or EMAIL_PASS not set - email disabled
2026-07-03T10:44:05.619Z [WARN] [Email] EMAIL_USER or EMAIL_PASS not set - email disabled
2026-07-03T10:53:49.848Z [WARN] [Email] EMAIL_USER or EMAIL_PASS not set - email disabled
2026-07-03T10:59:14.413Z [WARN] [Email] EMAIL_USER or EMAIL_PASS not set - email disabled
2026-07-03T11:00:48.076Z [WARN] [Email] EMAIL_USER or EMAIL_PASS not set - email disabled
2026-07-03T11:25:13.452Z [WARN] [Email] EMAIL_USER or EMAIL_PASS not set - email disabled
2026-07-03T11:25:30.759Z [WARN] [Email] EMAIL_USER or EMAIL_PASS not set - email disabled
2026-07-03T12:06:16.461Z [WARN] [Email] EMAIL_USER or EMAIL_PASS not set - email disabled
2026-07-03T23:02:13.937Z [WARN] [Email] EMAIL_USER or EMAIL_PASS not set - email disabled
2026-07-03T23:03:17.490Z [WARN] [Email] EMAIL_USER or EMAIL_PASS not set - email disabled
2026-07-03T23:37:09.607Z [WARN] [Email] EMAIL_USER or EMAIL_PASS not set - email disabled
2026-07-03T23:45:05.008Z [WARN] [Email] EMAIL_USER or EMAIL_PASS not set - email disabled
2026-07-03T23:51:07.509Z [WARN] [Email] EMAIL_USER or EMAIL_PASS not set - email disabled
2026-07-04T00:13:05.300Z [WARN] [Email] EMAIL_USER or EMAIL_PASS not set - email disabled
2026-07-04T08:36:53.247Z [WARN] [Email] EMAIL_USER or EMAIL_PASS not set - email disabled
2026-07-04T19:17:38.559Z [WARN] [Email] EMAIL_USER or EMAIL_PASS not set - email disabled
2026-07-15T17:26:14.605Z [WARN] [Email] EMAIL_USER or EMAIL_PASS not set - email disabled
